Symlinking /home/vboxuser/robot_arm_ws/devel/share/ur10_robot_arm/cmake/ur10_robot_arm-msg-paths.cmake
Symlinking /home/vboxuser/robot_arm_ws/devel/share/ur10_robot_arm/cmake/ur10_robot_arm-msg-extras.cmake
Symlinking /home/vboxuser/robot_arm_ws/devel/share/ur10_robot_arm/cmake/ur10_robot_armConfig.cmake
Symlinking /home/vboxuser/robot_arm_ws/devel/share/ur10_robot_arm/cmake/ur10_robot_armConfig-version.cmake
Symlinking /home/vboxuser/robot_arm_ws/devel/share/common-lisp/ros/ur10_robot_arm/srv/frameDev.lisp
Symlinking /home/vboxuser/robot_arm_ws/devel/share/common-lisp/ros/ur10_robot_arm/srv/endEffectorPose.lisp
Symlinking /home/vboxuser/robot_arm_ws/devel/share/common-lisp/ros/ur10_robot_arm/srv/_package_frameDev.lisp
Symlinking /home/vboxuser/robot_arm_ws/devel/share/common-lisp/ros/ur10_robot_arm/srv/ur10_robot_arm-srv.asd
Symlinking /home/vboxuser/robot_arm_ws/devel/share/common-lisp/ros/ur10_robot_arm/srv/_package_endEffectorPose.lisp
Symlinking /home/vboxuser/robot_arm_ws/devel/share/common-lisp/ros/ur10_robot_arm/srv/_package.lisp
Symlinking /home/vboxuser/robot_arm_ws/devel/share/gennodejs/ros/ur10_robot_arm/_index.js
Symlinking /home/vboxuser/robot_arm_ws/devel/share/gennodejs/ros/ur10_robot_arm/srv/_index.js
Symlinking /home/vboxuser/robot_arm_ws/devel/share/gennodejs/ros/ur10_robot_arm/srv/endEffectorPose.js
Symlinking /home/vboxuser/robot_arm_ws/devel/share/gennodejs/ros/ur10_robot_arm/srv/frameDev.js
Symlinking /home/vboxuser/robot_arm_ws/devel/share/roseus/ros/ur10_robot_arm/manifest.l
Symlinking /home/vboxuser/robot_arm_ws/devel/share/roseus/ros/ur10_robot_arm/srv/frameDev.l
Symlinking /home/vboxuser/robot_arm_ws/devel/share/roseus/ros/ur10_robot_arm/srv/endEffectorPose.l
Symlinking /home/vboxuser/robot_arm_ws/devel/include/ur10_robot_arm/frameDevRequest.h
Symlinking /home/vboxuser/robot_arm_ws/devel/include/ur10_robot_arm/endEffectorPoseResponse.h
Symlinking /home/vboxuser/robot_arm_ws/devel/include/ur10_robot_arm/frameDev.h
Symlinking /home/vboxuser/robot_arm_ws/devel/include/ur10_robot_arm/endEffectorPose.h
Symlinking /home/vboxuser/robot_arm_ws/devel/include/ur10_robot_arm/endEffectorPoseRequest.h
Symlinking /home/vboxuser/robot_arm_ws/devel/include/ur10_robot_arm/frameDevResponse.h
Symlinking /home/vboxuser/robot_arm_ws/devel/lib/pkgconfig/ur10_robot_arm.pc
Symlinking /home/vboxuser/robot_arm_ws/devel/lib/python2.7/dist-packages/ur10_robot_arm/__init__.py
Symlinking /home/vboxuser/robot_arm_ws/devel/lib/python2.7/dist-packages/ur10_robot_arm/srv/_frameDev.py
Symlinking /home/vboxuser/robot_arm_ws/devel/lib/python2.7/dist-packages/ur10_robot_arm/srv/__init__.py
Symlinking /home/vboxuser/robot_arm_ws/devel/lib/python2.7/dist-packages/ur10_robot_arm/srv/_endEffectorPose.py
