Linked: (/home/vboxuser/robot_arm_ws/devel/.private/ur10_robot_arm/share/ur10_robot_arm/cmake/ur10_robot_arm-msg-paths.cmake, /home/vboxuser/robot_arm_ws/devel/share/ur10_robot_arm/cmake/ur10_robot_arm-msg-paths.cmake)
Linked: (/home/vboxuser/robot_arm_ws/devel/.private/ur10_robot_arm/share/ur10_robot_arm/cmake/ur10_robot_arm-msg-extras.cmake, /home/vboxuser/robot_arm_ws/devel/share/ur10_robot_arm/cmake/ur10_robot_arm-msg-extras.cmake)
Linked: (/home/vboxuser/robot_arm_ws/devel/.private/ur10_robot_arm/share/ur10_robot_arm/cmake/ur10_robot_armConfig.cmake, /home/vboxuser/robot_arm_ws/devel/share/ur10_robot_arm/cmake/ur10_robot_armConfig.cmake)
Linked: (/home/vboxuser/robot_arm_ws/devel/.private/ur10_robot_arm/share/ur10_robot_arm/cmake/ur10_robot_armConfig-version.cmake, /home/vboxuser/robot_arm_ws/devel/share/ur10_robot_arm/cmake/ur10_robot_armConfig-version.cmake)
Linked: (/home/vboxuser/robot_arm_ws/devel/.private/ur10_robot_arm/share/common-lisp/ros/ur10_robot_arm/srv/frameDev.lisp, /home/vboxuser/robot_arm_ws/devel/share/common-lisp/ros/ur10_robot_arm/srv/frameDev.lisp)
Linked: (/home/vboxuser/robot_arm_ws/devel/.private/ur10_robot_arm/share/common-lisp/ros/ur10_robot_arm/srv/endEffectorPose.lisp, /home/vboxuser/robot_arm_ws/devel/share/common-lisp/ros/ur10_robot_arm/srv/endEffectorPose.lisp)
Linked: (/home/vboxuser/robot_arm_ws/devel/.private/ur10_robot_arm/share/common-lisp/ros/ur10_robot_arm/srv/_package_frameDev.lisp, /home/vboxuser/robot_arm_ws/devel/share/common-lisp/ros/ur10_robot_arm/srv/_package_frameDev.lisp)
Linked: (/home/vboxuser/robot_arm_ws/devel/.private/ur10_robot_arm/share/common-lisp/ros/ur10_robot_arm/srv/ur10_robot_arm-srv.asd, /home/vboxuser/robot_arm_ws/devel/share/common-lisp/ros/ur10_robot_arm/srv/ur10_robot_arm-srv.asd)
Linked: (/home/vboxuser/robot_arm_ws/devel/.private/ur10_robot_arm/share/common-lisp/ros/ur10_robot_arm/srv/_package_endEffectorPose.lisp, /home/vboxuser/robot_arm_ws/devel/share/common-lisp/ros/ur10_robot_arm/srv/_package_endEffectorPose.lisp)
Linked: (/home/vboxuser/robot_arm_ws/devel/.private/ur10_robot_arm/share/common-lisp/ros/ur10_robot_arm/srv/_package.lisp, /home/vboxuser/robot_arm_ws/devel/share/common-lisp/ros/ur10_robot_arm/srv/_package.lisp)
Linked: (/home/vboxuser/robot_arm_ws/devel/.private/ur10_robot_arm/share/gennodejs/ros/ur10_robot_arm/_index.js, /home/vboxuser/robot_arm_ws/devel/share/gennodejs/ros/ur10_robot_arm/_index.js)
Linked: (/home/vboxuser/robot_arm_ws/devel/.private/ur10_robot_arm/share/gennodejs/ros/ur10_robot_arm/srv/_index.js, /home/vboxuser/robot_arm_ws/devel/share/gennodejs/ros/ur10_robot_arm/srv/_index.js)
Linked: (/home/vboxuser/robot_arm_ws/devel/.private/ur10_robot_arm/share/gennodejs/ros/ur10_robot_arm/srv/endEffectorPose.js, /home/vboxuser/robot_arm_ws/devel/share/gennodejs/ros/ur10_robot_arm/srv/endEffectorPose.js)
Linked: (/home/vboxuser/robot_arm_ws/devel/.private/ur10_robot_arm/share/gennodejs/ros/ur10_robot_arm/srv/frameDev.js, /home/vboxuser/robot_arm_ws/devel/share/gennodejs/ros/ur10_robot_arm/srv/frameDev.js)
Linked: (/home/vboxuser/robot_arm_ws/devel/.private/ur10_robot_arm/share/roseus/ros/ur10_robot_arm/manifest.l, /home/vboxuser/robot_arm_ws/devel/share/roseus/ros/ur10_robot_arm/manifest.l)
Linked: (/home/vboxuser/robot_arm_ws/devel/.private/ur10_robot_arm/share/roseus/ros/ur10_robot_arm/srv/frameDev.l, /home/vboxuser/robot_arm_ws/devel/share/roseus/ros/ur10_robot_arm/srv/frameDev.l)
Linked: (/home/vboxuser/robot_arm_ws/devel/.private/ur10_robot_arm/share/roseus/ros/ur10_robot_arm/srv/endEffectorPose.l, /home/vboxuser/robot_arm_ws/devel/share/roseus/ros/ur10_robot_arm/srv/endEffectorPose.l)
Linked: (/home/vboxuser/robot_arm_ws/devel/.private/ur10_robot_arm/include/ur10_robot_arm/frameDevRequest.h, /home/vboxuser/robot_arm_ws/devel/include/ur10_robot_arm/frameDevRequest.h)
Linked: (/home/vboxuser/robot_arm_ws/devel/.private/ur10_robot_arm/include/ur10_robot_arm/endEffectorPoseResponse.h, /home/vboxuser/robot_arm_ws/devel/include/ur10_robot_arm/endEffectorPoseResponse.h)
Linked: (/home/vboxuser/robot_arm_ws/devel/.private/ur10_robot_arm/include/ur10_robot_arm/frameDev.h, /home/vboxuser/robot_arm_ws/devel/include/ur10_robot_arm/frameDev.h)
Linked: (/home/vboxuser/robot_arm_ws/devel/.private/ur10_robot_arm/include/ur10_robot_arm/endEffectorPose.h, /home/vboxuser/robot_arm_ws/devel/include/ur10_robot_arm/endEffectorPose.h)
Linked: (/home/vboxuser/robot_arm_ws/devel/.private/ur10_robot_arm/include/ur10_robot_arm/endEffectorPoseRequest.h, /home/vboxuser/robot_arm_ws/devel/include/ur10_robot_arm/endEffectorPoseRequest.h)
Linked: (/home/vboxuser/robot_arm_ws/devel/.private/ur10_robot_arm/include/ur10_robot_arm/frameDevResponse.h, /home/vboxuser/robot_arm_ws/devel/include/ur10_robot_arm/frameDevResponse.h)
Linked: (/home/vboxuser/robot_arm_ws/devel/.private/ur10_robot_arm/lib/pkgconfig/ur10_robot_arm.pc, /home/vboxuser/robot_arm_ws/devel/lib/pkgconfig/ur10_robot_arm.pc)
Linked: (/home/vboxuser/robot_arm_ws/devel/.private/ur10_robot_arm/lib/python2.7/dist-packages/ur10_robot_arm/__init__.py, /home/vboxuser/robot_arm_ws/devel/lib/python2.7/dist-packages/ur10_robot_arm/__init__.py)
Linked: (/home/vboxuser/robot_arm_ws/devel/.private/ur10_robot_arm/lib/python2.7/dist-packages/ur10_robot_arm/srv/_frameDev.py, /home/vboxuser/robot_arm_ws/devel/lib/python2.7/dist-packages/ur10_robot_arm/srv/_frameDev.py)
Linked: (/home/vboxuser/robot_arm_ws/devel/.private/ur10_robot_arm/lib/python2.7/dist-packages/ur10_robot_arm/srv/__init__.py, /home/vboxuser/robot_arm_ws/devel/lib/python2.7/dist-packages/ur10_robot_arm/srv/__init__.py)
Linked: (/home/vboxuser/robot_arm_ws/devel/.private/ur10_robot_arm/lib/python2.7/dist-packages/ur10_robot_arm/srv/_endEffectorPose.py, /home/vboxuser/robot_arm_ws/devel/lib/python2.7/dist-packages/ur10_robot_arm/srv/_endEffectorPose.py)
